2025-05-31 14:47:43 - {"POST":{"message":"hi","owner_id":"5","student_id":"1","user_type":"student","ajax":"true"},"GET":[],"SESSION":{"user_id":1,"user_name":"AMIN MOHAMED AMASHA","user_email":"aminmohamedaboamasha@gmail.com","user_type":"student"},"REQUEST_METHOD":"POST"}
2025-05-31 14:47:43 - {"POST":{"message":"hi","owner_id":"5","student_id":"1","user_type":"student","ajax":"true"},"GET":[],"SESSION":{"user_id":1,"user_name":"AMIN MOHAMED AMASHA","user_email":"aminmohamedaboamasha@gmail.com","user_type":"student"},"REQUEST_METHOD":"POST"}
2025-05-31 14:47:43 - {"POST":{"message":"hi","owner_id":"5","student_id":"1","user_type":"student","ajax":"true"},"GET":[],"SESSION":{"user_id":1,"user_name":"AMIN MOHAMED AMASHA","user_email":"aminmohamedaboamasha@gmail.com","user_type":"student"},"REQUEST_METHOD":"POST"}
2025-05-31 14:47:44 - {"POST":{"message":"hi","owner_id":"5","student_id":"1","user_type":"student","ajax":"true"},"GET":[],"SESSION":{"user_id":1,"user_name":"AMIN MOHAMED AMASHA","user_email":"aminmohamedaboamasha@gmail.com","user_type":"student"},"REQUEST_METHOD":"POST"}
2025-05-31 14:47:44 - {"POST":{"message":"hi","owner_id":"5","student_id":"1","user_type":"student","ajax":"true"},"GET":[],"SESSION":{"user_id":1,"user_name":"AMIN MOHAMED AMASHA","user_email":"aminmohamedaboamasha@gmail.com","user_type":"student"},"REQUEST_METHOD":"POST"}
2025-05-31 14:47:49 - {"POST":{"message":"hi","owner_id":"5","student_id":"1","user_type":"student","ajax":"true"},"GET":[],"SESSION":{"user_id":1,"user_name":"AMIN MOHAMED AMASHA","user_email":"aminmohamedaboamasha@gmail.com","user_type":"student"},"REQUEST_METHOD":"POST"}
2025-05-31 14:47:50 - {"POST":{"message":"hi","owner_id":"5","student_id":"1","user_type":"student","ajax":"true"},"GET":[],"SESSION":{"user_id":1,"user_name":"AMIN MOHAMED AMASHA","user_email":"aminmohamedaboamasha@gmail.com","user_type":"student"},"REQUEST_METHOD":"POST"}
2025-05-31 14:47:50 - {"POST":{"message":"hi","owner_id":"5","student_id":"1","user_type":"student","ajax":"true"},"GET":[],"SESSION":{"user_id":1,"user_name":"AMIN MOHAMED AMASHA","user_email":"aminmohamedaboamasha@gmail.com","user_type":"student"},"REQUEST_METHOD":"POST"}
2025-05-31 14:47:50 - {"POST":{"message":"hi","owner_id":"5","student_id":"1","user_type":"student","ajax":"true"},"GET":[],"SESSION":{"user_id":1,"user_name":"AMIN MOHAMED AMASHA","user_email":"aminmohamedaboamasha@gmail.com","user_type":"student"},"REQUEST_METHOD":"POST"}
2025-05-31 14:47:50 - {"POST":{"message":"hi","owner_id":"5","student_id":"1","user_type":"student","ajax":"true"},"GET":[],"SESSION":{"user_id":1,"user_name":"AMIN MOHAMED AMASHA","user_email":"aminmohamedaboamasha@gmail.com","user_type":"student"},"REQUEST_METHOD":"POST"}
2025-05-31 14:48:01 - {"POST":{"message":"hi","owner_id":"5","student_id":"1","user_type":"student","ajax":"true"},"GET":[],"SESSION":{"user_id":1,"user_name":"AMIN MOHAMED AMASHA","user_email":"aminmohamedaboamasha@gmail.com","user_type":"student"},"REQUEST_METHOD":"POST"}
2025-05-31 14:48:02 - {"POST":{"message":"hi","owner_id":"5","student_id":"1","user_type":"student","ajax":"true"},"GET":[],"SESSION":{"user_id":1,"user_name":"AMIN MOHAMED AMASHA","user_email":"aminmohamedaboamasha@gmail.com","user_type":"student"},"REQUEST_METHOD":"POST"}
2025-05-31 14:48:02 - {"POST":{"message":"hi","owner_id":"5","student_id":"1","user_type":"student","ajax":"true"},"GET":[],"SESSION":{"user_id":1,"user_name":"AMIN MOHAMED AMASHA","user_email":"aminmohamedaboamasha@gmail.com","user_type":"student"},"REQUEST_METHOD":"POST"}
2025-05-31 14:48:02 - {"POST":{"message":"hi","owner_id":"5","student_id":"1","user_type":"student","ajax":"true"},"GET":[],"SESSION":{"user_id":1,"user_name":"AMIN MOHAMED AMASHA","user_email":"aminmohamedaboamasha@gmail.com","user_type":"student"},"REQUEST_METHOD":"POST"}
2025-05-31 14:48:02 - {"POST":{"message":"hi","owner_id":"5","student_id":"1","user_type":"student","ajax":"true"},"GET":[],"SESSION":{"user_id":1,"user_name":"AMIN MOHAMED AMASHA","user_email":"aminmohamedaboamasha@gmail.com","user_type":"student"},"REQUEST_METHOD":"POST"}
2025-05-31 14:48:02 - {"POST":{"message":"hi","owner_id":"5","student_id":"1","user_type":"student","ajax":"true"},"GET":[],"SESSION":{"user_id":1,"user_name":"AMIN MOHAMED AMASHA","user_email":"aminmohamedaboamasha@gmail.com","user_type":"student"},"REQUEST_METHOD":"POST"}
2025-05-31 14:48:44 - {"POST":{"message":"hi","owner_id":"5","student_id":"1","user_type":"student","ajax":"true"},"GET":[],"SESSION":{"user_id":1,"user_name":"AMIN MOHAMED AMASHA","user_email":"aminmohamedaboamasha@gmail.com","user_type":"student"},"REQUEST_METHOD":"POST"}
2025-05-31 14:48:45 - {"POST":{"message":"hi","owner_id":"5","student_id":"1","user_type":"student","ajax":"true"},"GET":[],"SESSION":{"user_id":1,"user_name":"AMIN MOHAMED AMASHA","user_email":"aminmohamedaboamasha@gmail.com","user_type":"student"},"REQUEST_METHOD":"POST"}
2025-05-31 14:48:45 - {"POST":{"message":"hi","owner_id":"5","student_id":"1","user_type":"student","ajax":"true"},"GET":[],"SESSION":{"user_id":1,"user_name":"AMIN MOHAMED AMASHA","user_email":"aminmohamedaboamasha@gmail.com","user_type":"student"},"REQUEST_METHOD":"POST"}
2025-05-31 14:48:46 - {"POST":{"message":"hi","owner_id":"5","student_id":"1","user_type":"student","ajax":"true"},"GET":[],"SESSION":{"user_id":1,"user_name":"AMIN MOHAMED AMASHA","user_email":"aminmohamedaboamasha@gmail.com","user_type":"student"},"REQUEST_METHOD":"POST"}
2025-05-31 14:48:46 - {"POST":{"message":"hi","owner_id":"5","student_id":"1","user_type":"student","ajax":"true"},"GET":[],"SESSION":{"user_id":1,"user_name":"AMIN MOHAMED AMASHA","user_email":"aminmohamedaboamasha@gmail.com","user_type":"student"},"REQUEST_METHOD":"POST"}
2025-05-31 14:48:46 - {"POST":{"message":"hi","owner_id":"5","student_id":"1","user_type":"student","ajax":"true"},"GET":[],"SESSION":{"user_id":1,"user_name":"AMIN MOHAMED AMASHA","user_email":"aminmohamedaboamasha@gmail.com","user_type":"student"},"REQUEST_METHOD":"POST"}
2025-05-31 14:48:46 - {"POST":{"message":"hi","owner_id":"5","student_id":"1","user_type":"student","ajax":"true"},"GET":[],"SESSION":{"user_id":1,"user_name":"AMIN MOHAMED AMASHA","user_email":"aminmohamedaboamasha@gmail.com","user_type":"student"},"REQUEST_METHOD":"POST"}
2025-05-31 14:48:47 - {"POST":{"message":"hi","owner_id":"5","student_id":"1","user_type":"student","ajax":"true"},"GET":[],"SESSION":{"user_id":1,"user_name":"AMIN MOHAMED AMASHA","user_email":"aminmohamedaboamasha@gmail.com","user_type":"student"},"REQUEST_METHOD":"POST"}
2025-05-31 14:49:52 - {"POST":{"message":"ho","owner_id":"5","student_id":"1","user_type":"owner","ajax":"true"},"GET":[],"SESSION":{"user_id":5,"user_name":"hichame","user_email":"popo@gmail.com","user_type":"owner"},"REQUEST_METHOD":"POST"}
2025-05-31 14:51:24 - {"POST":{"message":"hi","owner_id":"5","student_id":"1","user_type":"student","ajax":"true"},"GET":[],"SESSION":{"user_id":1,"user_name":"AMIN MOHAMED AMASHA","user_email":"aminmohamedaboamasha@gmail.com","user_type":"student"},"REQUEST_METHOD":"POST"}
2025-05-31 14:51:25 - {"POST":{"message":"hi","owner_id":"5","student_id":"1","user_type":"student","ajax":"true"},"GET":[],"SESSION":{"user_id":1,"user_name":"AMIN MOHAMED AMASHA","user_email":"aminmohamedaboamasha@gmail.com","user_type":"student"},"REQUEST_METHOD":"POST"}
2025-05-31 14:51:25 - {"POST":{"message":"hi","owner_id":"5","student_id":"1","user_type":"student","ajax":"true"},"GET":[],"SESSION":{"user_id":1,"user_name":"AMIN MOHAMED AMASHA","user_email":"aminmohamedaboamasha@gmail.com","user_type":"student"},"REQUEST_METHOD":"POST"}
2025-05-31 14:51:25 - {"POST":{"message":"hi","owner_id":"5","student_id":"1","user_type":"student","ajax":"true"},"GET":[],"SESSION":{"user_id":1,"user_name":"AMIN MOHAMED AMASHA","user_email":"aminmohamedaboamasha@gmail.com","user_type":"student"},"REQUEST_METHOD":"POST"}
2025-05-31 14:51:27 - {"POST":{"message":"hi","owner_id":"5","student_id":"1","user_type":"student","ajax":"true"},"GET":[],"SESSION":{"user_id":1,"user_name":"AMIN MOHAMED AMASHA","user_email":"aminmohamedaboamasha@gmail.com","user_type":"student"},"REQUEST_METHOD":"POST"}
2025-05-31 14:51:27 - {"POST":{"message":"hi","owner_id":"5","student_id":"1","user_type":"student","ajax":"true"},"GET":[],"SESSION":{"user_id":1,"user_name":"AMIN MOHAMED AMASHA","user_email":"aminmohamedaboamasha@gmail.com","user_type":"student"},"REQUEST_METHOD":"POST"}
2025-05-31 14:51:28 - {"POST":{"message":"hi","owner_id":"5","student_id":"1","user_type":"student","ajax":"true"},"GET":[],"SESSION":{"user_id":1,"user_name":"AMIN MOHAMED AMASHA","user_email":"aminmohamedaboamasha@gmail.com","user_type":"student"},"REQUEST_METHOD":"POST"}
2025-05-31 14:51:28 - {"POST":{"message":"hi","owner_id":"5","student_id":"1","user_type":"student","ajax":"true"},"GET":[],"SESSION":{"user_id":1,"user_name":"AMIN MOHAMED AMASHA","user_email":"aminmohamedaboamasha@gmail.com","user_type":"student"},"REQUEST_METHOD":"POST"}
2025-05-31 14:51:29 - {"POST":{"message":"hi","owner_id":"5","student_id":"1","user_type":"student","ajax":"true"},"GET":[],"SESSION":{"user_id":1,"user_name":"AMIN MOHAMED AMASHA","user_email":"aminmohamedaboamasha@gmail.com","user_type":"student"},"REQUEST_METHOD":"POST"}
2025-05-31 14:51:29 - {"POST":{"message":"hi","owner_id":"5","student_id":"1","user_type":"student","ajax":"true"},"GET":[],"SESSION":{"user_id":1,"user_name":"AMIN MOHAMED AMASHA","user_email":"aminmohamedaboamasha@gmail.com","user_type":"student"},"REQUEST_METHOD":"POST"}
2025-05-31 14:51:30 - {"POST":{"message":"hi","owner_id":"5","student_id":"1","user_type":"student","ajax":"true"},"GET":[],"SESSION":{"user_id":1,"user_name":"AMIN MOHAMED AMASHA","user_email":"aminmohamedaboamasha@gmail.com","user_type":"student"},"REQUEST_METHOD":"POST"}
2025-05-31 14:51:59 - {"POST":{"message":"amine","owner_id":"5","student_id":"1","user_type":"student","ajax":"true"},"GET":[],"SESSION":{"user_id":1,"user_name":"AMIN MOHAMED AMASHA","user_email":"aminmohamedaboamasha@gmail.com","user_type":"student"},"REQUEST_METHOD":"POST"}
2025-05-31 14:51:59 - INSERT ATTEMPT: {"owner_id":5,"student_id":1,"sender_type":"student","message":"amine","action":"insert_attempt"}
2025-05-31 14:52:00 - {"POST":{"message":"amine","owner_id":"5","student_id":"1","user_type":"student","ajax":"true"},"GET":[],"SESSION":{"user_id":1,"user_name":"AMIN MOHAMED AMASHA","user_email":"aminmohamedaboamasha@gmail.com","user_type":"student"},"REQUEST_METHOD":"POST"}
2025-05-31 14:52:00 - INSERT ATTEMPT: {"owner_id":5,"student_id":1,"sender_type":"student","message":"amine","action":"insert_attempt"}
2025-05-31 14:52:32 - {"POST":{"message":"ff","owner_id":"5","student_id":"1","user_type":"owner","ajax":"true"},"GET":[],"SESSION":{"user_id":5,"user_name":"hichame","user_email":"popo@gmail.com","user_type":"owner"},"REQUEST_METHOD":"POST"}
2025-05-31 14:52:32 - INSERT ATTEMPT: {"owner_id":5,"student_id":1,"sender_type":"owner","message":"ff","action":"insert_attempt"}
2025-05-31 14:52:32 - INSERT SUCCESS: {"message_id":"109","action":"insert_success"}
2025-05-31 14:52:32 - RESPONSE: {"success":true,"message_id":"109","formatted_date":"2025-05-31 13:52:32"}
2025-05-31 14:52:43 - {"POST":{"message":"amine","owner_id":"5","student_id":"1","user_type":"student","ajax":"true"},"GET":[],"SESSION":{"user_id":1,"user_name":"AMIN MOHAMED AMASHA","user_email":"aminmohamedaboamasha@gmail.com","user_type":"student"},"REQUEST_METHOD":"POST"}
2025-05-31 14:52:43 - INSERT ATTEMPT: {"owner_id":5,"student_id":1,"sender_type":"student","message":"amine","action":"insert_attempt"}
2025-05-31 14:53:59 - {"POST":{"message":"amine","owner_id":"5","student_id":"1","user_type":"student","ajax":"true"},"GET":[],"SESSION":{"user_id":1,"user_name":"AMIN MOHAMED AMASHA","user_email":"aminmohamedaboamasha@gmail.com","user_type":"student"},"REQUEST_METHOD":"POST"}
2025-05-31 14:53:59 - INSERT ATTEMPT: {"owner_id":5,"student_id":1,"sender_type":"student","message":"amine","action":"insert_attempt"}
2025-05-31 14:53:59 - FINAL VALUES: {"final_owner_id":5,"final_student_id":1,"final_user_type":"student","final_message":"amine"}
2025-05-31 14:53:59 - DIRECT QUERY: INSERT INTO messages (owner_id, student_id, sender_type, message_text, message_date, is_read) 
                                VALUES (5, 1, 'student', 'amine', NOW(), FALSE)
2025-05-31 14:53:59 - DIRECT QUERY FAILED: SQLSTATE[42S22]: Column not found: 1054 Unknown column 'student_first_name' in 'field list'
2025-05-31 14:54:15 - {"POST":{"message":"hi","owner_id":"5","student_id":"1","user_type":"student","ajax":"true"},"GET":[],"SESSION":{"user_id":1,"user_name":"AMIN MOHAMED AMASHA","user_email":"aminmohamedaboamasha@gmail.com","user_type":"student"},"REQUEST_METHOD":"POST"}
2025-05-31 14:54:15 - INSERT ATTEMPT: {"owner_id":5,"student_id":1,"sender_type":"student","message":"hi","action":"insert_attempt"}
2025-05-31 14:54:15 - FINAL VALUES: {"final_owner_id":5,"final_student_id":1,"final_user_type":"student","final_message":"hi"}
2025-05-31 14:54:15 - DIRECT QUERY: INSERT INTO messages (owner_id, student_id, sender_type, message_text, message_date, is_read) 
                                VALUES (5, 1, 'student', 'hi', NOW(), FALSE)
2025-05-31 14:54:15 - DIRECT QUERY FAILED: SQLSTATE[42S22]: Column not found: 1054 Unknown column 'student_first_name' in 'field list'
2025-05-31 14:56:26 - {"POST":{"message":"amine","owner_id":"5","student_id":"1","user_type":"student","ajax":"true"},"GET":[],"SESSION":{"user_id":1,"user_name":"AMIN MOHAMED AMASHA","user_email":"aminmohamedaboamasha@gmail.com","user_type":"student"},"REQUEST_METHOD":"POST"}
2025-05-31 14:56:26 - INSERT ATTEMPT: {"owner_id":5,"student_id":1,"sender_type":"student","message":"amine","action":"insert_attempt"}
2025-05-31 14:56:26 - FINAL VALUES: {"final_owner_id":5,"final_student_id":1,"final_user_type":"student","final_message":"amine"}
2025-05-31 14:56:26 - DIRECT QUERY: INSERT INTO messages (owner_id, student_id, sender_type, message_text, message_date, is_read) 
                                VALUES (5, 1, 'student', 'amine', NOW(), FALSE)
2025-05-31 14:56:26 - DIRECT QUERY SUCCESS: 115
2025-05-31 14:56:26 - INSERT SUCCESS: {"message_id":"115","action":"insert_success"}
2025-05-31 14:56:26 - RESPONSE: {"success":true,"message_id":"115","formatted_date":"2025-05-31 13:56:26"}
2025-05-31 14:56:34 - {"POST":{"message":"n3m","owner_id":"5","student_id":"1","user_type":"owner","ajax":"true"},"GET":[],"SESSION":{"user_id":5,"user_name":"hichame","user_email":"popo@gmail.com","user_type":"owner"},"REQUEST_METHOD":"POST"}
2025-05-31 14:56:34 - INSERT ATTEMPT: {"owner_id":5,"student_id":1,"sender_type":"owner","message":"n3m","action":"insert_attempt"}
2025-05-31 14:56:34 - FINAL VALUES: {"final_owner_id":5,"final_student_id":1,"final_user_type":"owner","final_message":"n3m"}
2025-05-31 14:56:34 - DIRECT QUERY: INSERT INTO messages (owner_id, student_id, sender_type, message_text, message_date, is_read) 
                                VALUES (5, 1, 'owner', 'n3m', NOW(), FALSE)
2025-05-31 14:56:34 - DIRECT QUERY SUCCESS: 116
2025-05-31 14:56:34 - INSERT SUCCESS: {"message_id":"116","action":"insert_success"}
2025-05-31 14:56:34 - RESPONSE: {"success":true,"message_id":"116","formatted_date":"2025-05-31 13:56:34"}
2025-05-31 14:58:54 - {"POST":{"message":"amine","owner_id":"5","student_id":"1","user_type":"student","ajax":"true"},"GET":[],"SESSION":{"user_id":1,"user_name":"AMIN MOHAMED AMASHA","user_email":"aminmohamedaboamasha@gmail.com","user_type":"student"},"REQUEST_METHOD":"POST"}
2025-05-31 14:58:54 - INSERT ATTEMPT: {"owner_id":5,"student_id":1,"sender_type":"student","message":"amine","action":"insert_attempt"}
2025-05-31 14:58:54 - FINAL VALUES: {"final_owner_id":5,"final_student_id":1,"final_user_type":"student","final_message":"amine"}
2025-05-31 14:58:54 - DIRECT QUERY: INSERT INTO messages (owner_id, student_id, sender_type, message_text, message_date, is_read) 
                                VALUES (5, 1, 'student', 'amine', NOW(), FALSE)
2025-05-31 14:58:54 - DIRECT QUERY SUCCESS: 117
2025-05-31 14:58:54 - INSERT SUCCESS: {"message_id":"117","action":"insert_success"}
2025-05-31 14:58:54 - RESPONSE: {"success":true,"message_id":"117","formatted_date":"2025-05-31 13:58:54"}
2025-05-31 14:59:05 - {"POST":{"message":" n3m","owner_id":"5","student_id":"1","user_type":"owner","ajax":"true"},"GET":[],"SESSION":{"user_id":5,"user_name":"hichame","user_email":"popo@gmail.com","user_type":"owner"},"REQUEST_METHOD":"POST"}
2025-05-31 14:59:05 - INSERT ATTEMPT: {"owner_id":5,"student_id":1,"sender_type":"owner","message":"n3m","action":"insert_attempt"}
2025-05-31 14:59:05 - FINAL VALUES: {"final_owner_id":5,"final_student_id":1,"final_user_type":"owner","final_message":"n3m"}
2025-05-31 14:59:05 - DIRECT QUERY: INSERT INTO messages (owner_id, student_id, sender_type, message_text, message_date, is_read) 
                                VALUES (5, 1, 'owner', 'n3m', NOW(), FALSE)
2025-05-31 14:59:06 - DIRECT QUERY SUCCESS: 118
2025-05-31 14:59:06 - INSERT SUCCESS: {"message_id":"118","action":"insert_success"}
2025-05-31 14:59:06 - RESPONSE: {"success":true,"message_id":"118","formatted_date":"2025-05-31 13:59:05"}
2025-05-31 15:00:57 - {"POST":{"message":"ok","owner_id":"5","student_id":"1","user_type":"owner","ajax":"true"},"GET":[],"SESSION":{"user_id":5,"user_name":"hichame","user_email":"popo@gmail.com","user_type":"owner"},"REQUEST_METHOD":"POST"}
2025-05-31 15:00:57 - INSERT ATTEMPT: {"owner_id":5,"student_id":1,"sender_type":"owner","message":"ok","action":"insert_attempt"}
2025-05-31 15:00:57 - FINAL VALUES: {"final_owner_id":5,"final_student_id":1,"final_user_type":"owner","final_message":"ok"}
2025-05-31 15:00:57 - DIRECT QUERY: INSERT INTO messages (owner_id, student_id, sender_type, message_text, message_date, is_read) 
                                VALUES (5, 1, 'owner', 'ok', NOW(), FALSE)
2025-05-31 15:00:57 - DIRECT QUERY SUCCESS: 119
2025-05-31 15:00:57 - INSERT SUCCESS: {"message_id":"119","action":"insert_success"}
2025-05-31 15:00:57 - RESPONSE: {"success":true,"message_id":"119","formatted_date":"2025-05-31 14:00:57"}
2025-05-31 15:15:42 - {"POST":{"message":"n","owner_id":"5","student_id":"1","user_type":"student","ajax":"true"},"GET":[],"SESSION":{"user_id":1,"user_name":"AMIN MOHAMED AMASHA","user_email":"aminmohamedaboamasha@gmail.com","user_type":"student"},"REQUEST_METHOD":"POST"}
2025-05-31 15:15:42 - INSERT ATTEMPT: {"owner_id":5,"student_id":1,"sender_type":"student","message":"n","action":"insert_attempt"}
2025-05-31 15:15:42 - FINAL VALUES: {"final_owner_id":5,"final_student_id":1,"final_user_type":"student","final_message":"n"}
2025-05-31 15:15:42 - DIRECT QUERY: INSERT INTO messages (owner_id, student_id, sender_type, message_text, message_date, is_read) 
                                VALUES (5, 1, 'student', 'n', NOW(), FALSE)
2025-05-31 15:15:42 - DIRECT QUERY SUCCESS: 120
2025-05-31 15:15:42 - INSERT SUCCESS: {"message_id":"120","action":"insert_success"}
2025-05-31 15:15:42 - RESPONSE: {"success":true,"message_id":"120","formatted_date":"2025-05-31 14:15:42","profile_pic":"uploads\/profiles\/6835827785e2f.png"}
2025-05-31 15:32:49 - {"POST":{"message":"n","owner_id":"5","student_id":"1","user_type":"owner"},"GET":[],"SESSION":{"user_id":5,"user_name":"hichame","user_email":"popo@gmail.com","user_type":"owner"},"REQUEST_METHOD":"POST"}
2025-05-31 15:32:49 - INSERT ATTEMPT: {"owner_id":5,"student_id":1,"sender_type":"owner","message":"n","action":"insert_attempt"}
2025-05-31 15:32:49 - FINAL VALUES: {"final_owner_id":5,"final_student_id":1,"final_user_type":"owner","final_message":"n"}
2025-05-31 15:32:49 - DIRECT QUERY: INSERT INTO messages (owner_id, student_id, sender_type, message_text, message_date, is_read) 
                                VALUES (5, 1, 'owner', 'n', NOW(), FALSE)
2025-05-31 15:32:49 - DIRECT QUERY SUCCESS: 121
2025-05-31 15:32:49 - INSERT SUCCESS: {"message_id":"121","action":"insert_success"}
2025-05-31 15:32:49 - RESPONSE: {"success":true,"message_id":"121","formatted_date":"2025-05-31 14:32:49","profile_pic":"uploads\/profiles\/6836169d0672d.png"}
2025-05-31 15:33:08 - {"POST":{"message":"b","owner_id":"5","student_id":"1","user_type":"student"},"GET":[],"SESSION":{"user_id":1,"user_name":"AMIN MOHAMED AMASHA","user_email":"aminmohamedaboamasha@gmail.com","user_type":"student"},"REQUEST_METHOD":"POST"}
2025-05-31 15:33:08 - INSERT ATTEMPT: {"owner_id":5,"student_id":1,"sender_type":"student","message":"b","action":"insert_attempt"}
2025-05-31 15:33:08 - FINAL VALUES: {"final_owner_id":5,"final_student_id":1,"final_user_type":"student","final_message":"b"}
2025-05-31 15:33:08 - DIRECT QUERY: INSERT INTO messages (owner_id, student_id, sender_type, message_text, message_date, is_read) 
                                VALUES (5, 1, 'student', 'b', NOW(), FALSE)
2025-05-31 15:33:08 - DIRECT QUERY SUCCESS: 122
2025-05-31 15:33:08 - INSERT SUCCESS: {"message_id":"122","action":"insert_success"}
2025-05-31 15:33:08 - RESPONSE: {"success":true,"message_id":"122","formatted_date":"2025-05-31 14:33:08","profile_pic":"uploads\/profiles\/6835827785e2f.png"}
2025-05-31 15:33:29 - {"POST":{"message":"n","owner_id":"5","student_id":"1","user_type":"owner"},"GET":[],"SESSION":{"user_id":5,"user_name":"hichame","user_email":"popo@gmail.com","user_type":"owner"},"REQUEST_METHOD":"POST"}
2025-05-31 15:33:29 - INSERT ATTEMPT: {"owner_id":5,"student_id":1,"sender_type":"owner","message":"n","action":"insert_attempt"}
2025-05-31 15:33:29 - FINAL VALUES: {"final_owner_id":5,"final_student_id":1,"final_user_type":"owner","final_message":"n"}
2025-05-31 15:33:29 - DIRECT QUERY: INSERT INTO messages (owner_id, student_id, sender_type, message_text, message_date, is_read) 
                                VALUES (5, 1, 'owner', 'n', NOW(), FALSE)
2025-05-31 15:33:29 - DIRECT QUERY SUCCESS: 123
2025-05-31 15:33:29 - INSERT SUCCESS: {"message_id":"123","action":"insert_success"}
2025-05-31 15:33:29 - RESPONSE: {"success":true,"message_id":"123","formatted_date":"2025-05-31 14:33:29","profile_pic":"uploads\/profiles\/6836169d0672d.png"}
2025-05-31 15:33:41 - {"POST":{"message":"b","owner_id":"5","student_id":"1","user_type":"student"},"GET":[],"SESSION":{"user_id":1,"user_name":"AMIN MOHAMED AMASHA","user_email":"aminmohamedaboamasha@gmail.com","user_type":"student"},"REQUEST_METHOD":"POST"}
2025-05-31 15:33:41 - INSERT ATTEMPT: {"owner_id":5,"student_id":1,"sender_type":"student","message":"b","action":"insert_attempt"}
2025-05-31 15:33:41 - FINAL VALUES: {"final_owner_id":5,"final_student_id":1,"final_user_type":"student","final_message":"b"}
2025-05-31 15:33:41 - DIRECT QUERY: INSERT INTO messages (owner_id, student_id, sender_type, message_text, message_date, is_read) 
                                VALUES (5, 1, 'student', 'b', NOW(), FALSE)
2025-05-31 15:33:41 - DIRECT QUERY SUCCESS: 124
2025-05-31 15:33:41 - INSERT SUCCESS: {"message_id":"124","action":"insert_success"}
2025-05-31 15:33:41 - RESPONSE: {"success":true,"message_id":"124","formatted_date":"2025-05-31 14:33:41","profile_pic":"uploads\/profiles\/6835827785e2f.png"}
2025-05-31 15:34:22 - {"POST":{"message":"aeaeae","owner_id":"5","student_id":"1","user_type":"student"},"GET":[],"SESSION":{"user_id":1,"user_name":"AMIN MOHAMED AMASHA","user_email":"aminmohamedaboamasha@gmail.com","user_type":"student"},"REQUEST_METHOD":"POST"}
2025-05-31 15:34:22 - INSERT ATTEMPT: {"owner_id":5,"student_id":1,"sender_type":"student","message":"aeaeae","action":"insert_attempt"}
2025-05-31 15:34:22 - FINAL VALUES: {"final_owner_id":5,"final_student_id":1,"final_user_type":"student","final_message":"aeaeae"}
2025-05-31 15:34:22 - DIRECT QUERY: INSERT INTO messages (owner_id, student_id, sender_type, message_text, message_date, is_read) 
                                VALUES (5, 1, 'student', 'aeaeae', NOW(), FALSE)
2025-05-31 15:34:22 - DIRECT QUERY SUCCESS: 125
2025-05-31 15:34:22 - INSERT SUCCESS: {"message_id":"125","action":"insert_success"}
2025-05-31 15:34:22 - RESPONSE: {"success":true,"message_id":"125","formatted_date":"2025-05-31 14:34:22","profile_pic":"uploads\/profiles\/6835827785e2f.png"}
2025-05-31 15:34:46 - {"POST":{"message":"hi","owner_id":"5","student_id":"1","user_type":"owner"},"GET":[],"SESSION":{"user_id":5,"user_name":"hichame","user_email":"popo@gmail.com","user_type":"owner"},"REQUEST_METHOD":"POST"}
2025-05-31 15:34:46 - INSERT ATTEMPT: {"owner_id":5,"student_id":1,"sender_type":"owner","message":"hi","action":"insert_attempt"}
2025-05-31 15:34:46 - FINAL VALUES: {"final_owner_id":5,"final_student_id":1,"final_user_type":"owner","final_message":"hi"}
2025-05-31 15:34:46 - DIRECT QUERY: INSERT INTO messages (owner_id, student_id, sender_type, message_text, message_date, is_read) 
                                VALUES (5, 1, 'owner', 'hi', NOW(), FALSE)
2025-05-31 15:34:46 - DIRECT QUERY SUCCESS: 126
2025-05-31 15:34:46 - INSERT SUCCESS: {"message_id":"126","action":"insert_success"}
2025-05-31 15:34:46 - RESPONSE: {"success":true,"message_id":"126","formatted_date":"2025-05-31 14:34:46","profile_pic":"uploads\/profiles\/6836169d0672d.png"}
2025-05-31 15:38:01 - {"POST":{"message":"hi","owner_id":"5","student_id":"1","user_type":"owner"},"GET":[],"SESSION":{"user_id":5,"user_name":"hichame","user_email":"popo@gmail.com","user_type":"owner"},"REQUEST_METHOD":"POST"}
2025-05-31 15:38:01 - INSERT ATTEMPT: {"owner_id":5,"student_id":1,"sender_type":"owner","message":"hi","action":"insert_attempt"}
2025-05-31 15:38:01 - FINAL VALUES: {"final_owner_id":5,"final_student_id":1,"final_user_type":"owner","final_message":"hi"}
2025-05-31 15:38:01 - DIRECT QUERY: INSERT INTO messages (owner_id, student_id, sender_type, message_text, message_date, is_read) 
                                VALUES (5, 1, 'owner', 'hi', NOW(), FALSE)
2025-05-31 15:38:01 - DIRECT QUERY SUCCESS: 127
2025-05-31 15:38:01 - INSERT SUCCESS: {"message_id":"127","action":"insert_success"}
2025-05-31 15:38:01 - RESPONSE: {"success":true,"message_id":"127","formatted_date":"2025-05-31 14:38:01","profile_pic":"uploads\/profiles\/6836169d0672d.png"}
2025-05-31 15:38:22 - {"POST":{"message":"n","owner_id":"5","student_id":"1","user_type":"student"},"GET":[],"SESSION":{"user_id":1,"user_name":"AMIN MOHAMED AMASHA","user_email":"aminmohamedaboamasha@gmail.com","user_type":"student"},"REQUEST_METHOD":"POST"}
2025-05-31 15:38:22 - INSERT ATTEMPT: {"owner_id":5,"student_id":1,"sender_type":"student","message":"n","action":"insert_attempt"}
2025-05-31 15:38:22 - FINAL VALUES: {"final_owner_id":5,"final_student_id":1,"final_user_type":"student","final_message":"n"}
2025-05-31 15:38:22 - DIRECT QUERY: INSERT INTO messages (owner_id, student_id, sender_type, message_text, message_date, is_read) 
                                VALUES (5, 1, 'student', 'n', NOW(), FALSE)
2025-05-31 15:38:22 - DIRECT QUERY SUCCESS: 128
2025-05-31 15:38:22 - INSERT SUCCESS: {"message_id":"128","action":"insert_success"}
2025-05-31 15:38:22 - RESPONSE: {"success":true,"message_id":"128","formatted_date":"2025-05-31 14:38:22","profile_pic":"uploads\/profiles\/6835827785e2f.png"}
2025-05-31 15:41:05 - {"POST":{"message":"ii","owner_id":"5","student_id":"1","user_type":"student"},"GET":[],"SESSION":{"user_id":1,"user_name":"AMIN MOHAMED AMASHA","user_email":"aminmohamedaboamasha@gmail.com","user_type":"student"},"REQUEST_METHOD":"POST"}
2025-05-31 15:41:05 - INSERT ATTEMPT: {"owner_id":5,"student_id":1,"sender_type":"student","message":"ii","action":"insert_attempt"}
2025-05-31 15:41:05 - FINAL VALUES: {"final_owner_id":5,"final_student_id":1,"final_user_type":"student","final_message":"ii"}
2025-05-31 15:41:05 - DIRECT QUERY: INSERT INTO messages (owner_id, student_id, sender_type, message_text, message_date, is_read) 
                                VALUES (5, 1, 'student', 'ii', NOW(), FALSE)
2025-05-31 15:41:05 - DIRECT QUERY SUCCESS: 129
2025-05-31 15:41:05 - INSERT SUCCESS: {"message_id":"129","action":"insert_success"}
2025-05-31 15:41:05 - RESPONSE: {"success":true,"message_id":"129","formatted_date":"2025-05-31 14:41:05","profile_pic":"uploads\/profiles\/6835827785e2f.png"}
2025-05-31 15:41:10 - {"POST":{"message":"l","owner_id":"5","student_id":"1","user_type":"owner"},"GET":[],"SESSION":{"user_id":5,"user_name":"hichame","user_email":"popo@gmail.com","user_type":"owner"},"REQUEST_METHOD":"POST"}
2025-05-31 15:41:10 - INSERT ATTEMPT: {"owner_id":5,"student_id":1,"sender_type":"owner","message":"l","action":"insert_attempt"}
2025-05-31 15:41:10 - FINAL VALUES: {"final_owner_id":5,"final_student_id":1,"final_user_type":"owner","final_message":"l"}
2025-05-31 15:41:10 - DIRECT QUERY: INSERT INTO messages (owner_id, student_id, sender_type, message_text, message_date, is_read) 
                                VALUES (5, 1, 'owner', 'l', NOW(), FALSE)
2025-05-31 15:41:10 - DIRECT QUERY SUCCESS: 130
2025-05-31 15:41:10 - INSERT SUCCESS: {"message_id":"130","action":"insert_success"}
2025-05-31 15:41:10 - RESPONSE: {"success":true,"message_id":"130","formatted_date":"2025-05-31 14:41:10","profile_pic":"uploads\/profiles\/6836169d0672d.png"}
2025-05-31 15:48:13 - {"POST":{"message":"\u0644\u0627\u0644\u0627","owner_id":"5","student_id":"1","user_type":"student"},"GET":[],"SESSION":{"user_id":1,"user_name":"AMIN MOHAMED AMASHA","user_email":"aminmohamedaboamasha@gmail.com","user_type":"student"},"REQUEST_METHOD":"POST"}
2025-05-31 15:48:13 - INSERT ATTEMPT: {"owner_id":5,"student_id":1,"sender_type":"student","message":"\u0644\u0627\u0644\u0627","action":"insert_attempt"}
2025-05-31 15:48:13 - FINAL VALUES: {"final_owner_id":5,"final_student_id":1,"final_user_type":"student","final_message":"\u0644\u0627\u0644\u0627"}
2025-05-31 15:48:13 - DIRECT QUERY: INSERT INTO messages (owner_id, student_id, sender_type, message_text, message_date, is_read) 
                                VALUES (5, 1, 'student', 'لالا', NOW(), FALSE)
2025-05-31 15:48:13 - DIRECT QUERY SUCCESS: 131
2025-05-31 15:48:13 - INSERT SUCCESS: {"message_id":"131","action":"insert_success"}
2025-05-31 15:48:13 - RESPONSE: {"success":true,"message_id":"131","formatted_date":"2025-05-31 14:48:13","profile_pic":"uploads\/profiles\/6835827785e2f.png"}
2025-05-31 15:48:21 - {"POST":{"message":"\u0649","owner_id":"5","student_id":"1","user_type":"owner"},"GET":[],"SESSION":{"user_id":5,"user_name":"hichame","user_email":"popo@gmail.com","user_type":"owner"},"REQUEST_METHOD":"POST"}
2025-05-31 15:48:21 - INSERT ATTEMPT: {"owner_id":5,"student_id":1,"sender_type":"owner","message":"\u0649","action":"insert_attempt"}
2025-05-31 15:48:21 - FINAL VALUES: {"final_owner_id":5,"final_student_id":1,"final_user_type":"owner","final_message":"\u0649"}
2025-05-31 15:48:21 - DIRECT QUERY: INSERT INTO messages (owner_id, student_id, sender_type, message_text, message_date, is_read) 
                                VALUES (5, 1, 'owner', 'ى', NOW(), FALSE)
2025-05-31 15:48:21 - DIRECT QUERY SUCCESS: 132
2025-05-31 15:48:21 - INSERT SUCCESS: {"message_id":"132","action":"insert_success"}
2025-05-31 15:48:21 - RESPONSE: {"success":true,"message_id":"132","formatted_date":"2025-05-31 14:48:21","profile_pic":"uploads\/profiles\/6836169d0672d.png"}
2025-05-31 15:48:28 - {"POST":{"message":"nn","owner_id":"5","student_id":"1","user_type":"owner"},"GET":[],"SESSION":{"user_id":5,"user_name":"hichame","user_email":"popo@gmail.com","user_type":"owner"},"REQUEST_METHOD":"POST"}
2025-05-31 15:48:28 - INSERT ATTEMPT: {"owner_id":5,"student_id":1,"sender_type":"owner","message":"nn","action":"insert_attempt"}
2025-05-31 15:48:28 - FINAL VALUES: {"final_owner_id":5,"final_student_id":1,"final_user_type":"owner","final_message":"nn"}
2025-05-31 15:48:28 - DIRECT QUERY: INSERT INTO messages (owner_id, student_id, sender_type, message_text, message_date, is_read) 
                                VALUES (5, 1, 'owner', 'nn', NOW(), FALSE)
2025-05-31 15:48:28 - DIRECT QUERY SUCCESS: 133
2025-05-31 15:48:28 - INSERT SUCCESS: {"message_id":"133","action":"insert_success"}
2025-05-31 15:48:28 - RESPONSE: {"success":true,"message_id":"133","formatted_date":"2025-05-31 14:48:28","profile_pic":"uploads\/profiles\/6836169d0672d.png"}
2025-05-31 15:48:36 - {"POST":{"message":"nn","owner_id":"5","student_id":"1","user_type":"student"},"GET":[],"SESSION":{"user_id":1,"user_name":"AMIN MOHAMED AMASHA","user_email":"aminmohamedaboamasha@gmail.com","user_type":"student"},"REQUEST_METHOD":"POST"}
2025-05-31 15:48:36 - INSERT ATTEMPT: {"owner_id":5,"student_id":1,"sender_type":"student","message":"nn","action":"insert_attempt"}
2025-05-31 15:48:36 - FINAL VALUES: {"final_owner_id":5,"final_student_id":1,"final_user_type":"student","final_message":"nn"}
2025-05-31 15:48:36 - DIRECT QUERY: INSERT INTO messages (owner_id, student_id, sender_type, message_text, message_date, is_read) 
                                VALUES (5, 1, 'student', 'nn', NOW(), FALSE)
2025-05-31 15:48:36 - DIRECT QUERY SUCCESS: 134
2025-05-31 15:48:36 - INSERT SUCCESS: {"message_id":"134","action":"insert_success"}
2025-05-31 15:48:36 - RESPONSE: {"success":true,"message_id":"134","formatted_date":"2025-05-31 14:48:36","profile_pic":"uploads\/profiles\/6835827785e2f.png"}
2025-05-31 15:52:26 - {"POST":{"message":"b","owner_id":"5","student_id":"1","user_type":"owner"},"GET":[],"SESSION":{"user_id":5,"user_name":"hichame","user_email":"popo@gmail.com","user_type":"owner"},"REQUEST_METHOD":"POST"}
2025-05-31 15:52:26 - INSERT ATTEMPT: {"owner_id":5,"student_id":1,"sender_type":"owner","message":"b","action":"insert_attempt"}
2025-05-31 15:52:26 - FINAL VALUES: {"final_owner_id":5,"final_student_id":1,"final_user_type":"owner","final_message":"b"}
2025-05-31 15:52:26 - DIRECT QUERY: INSERT INTO messages (owner_id, student_id, sender_type, message_text, message_date, is_read) 
                                VALUES (5, 1, 'owner', 'b', NOW(), FALSE)
2025-05-31 15:52:26 - DIRECT QUERY SUCCESS: 135
2025-05-31 15:52:26 - INSERT SUCCESS: {"message_id":"135","action":"insert_success"}
2025-05-31 15:52:26 - RESPONSE: {"success":true,"message_id":"135","formatted_date":"15:52","profile_pic":"uploads\/profiles\/6836169d0672d.png"}
2025-05-31 15:53:13 - {"POST":{"message":"n","owner_id":"5","student_id":"1","user_type":"owner"},"GET":[],"SESSION":{"user_id":5,"user_name":"hichame","user_email":"popo@gmail.com","user_type":"owner"},"REQUEST_METHOD":"POST"}
2025-05-31 15:53:13 - INSERT ATTEMPT: {"owner_id":5,"student_id":1,"sender_type":"owner","message":"n","action":"insert_attempt"}
2025-05-31 15:53:13 - FINAL VALUES: {"final_owner_id":5,"final_student_id":1,"final_user_type":"owner","final_message":"n"}
2025-05-31 15:53:13 - DIRECT QUERY: INSERT INTO messages (owner_id, student_id, sender_type, message_text, message_date, is_read) 
                                VALUES (5, 1, 'owner', 'n', NOW(), FALSE)
2025-05-31 15:53:13 - DIRECT QUERY SUCCESS: 136
2025-05-31 15:53:13 - INSERT SUCCESS: {"message_id":"136","action":"insert_success"}
2025-05-31 15:53:13 - RESPONSE: {"success":true,"message_id":"136","formatted_date":"15:53","profile_pic":"uploads\/profiles\/6836169d0672d.png"}
2025-05-31 15:53:21 - {"POST":{"message":"h","owner_id":"5","student_id":"1","user_type":"student"},"GET":[],"SESSION":{"user_id":1,"user_name":"AMIN MOHAMED AMASHA","user_email":"aminmohamedaboamasha@gmail.com","user_type":"student"},"REQUEST_METHOD":"POST"}
2025-05-31 15:53:21 - INSERT ATTEMPT: {"owner_id":5,"student_id":1,"sender_type":"student","message":"h","action":"insert_attempt"}
2025-05-31 15:53:21 - FINAL VALUES: {"final_owner_id":5,"final_student_id":1,"final_user_type":"student","final_message":"h"}
2025-05-31 15:53:21 - DIRECT QUERY: INSERT INTO messages (owner_id, student_id, sender_type, message_text, message_date, is_read) 
                                VALUES (5, 1, 'student', 'h', NOW(), FALSE)
2025-05-31 15:53:21 - DIRECT QUERY SUCCESS: 137
2025-05-31 15:53:21 - INSERT SUCCESS: {"message_id":"137","action":"insert_success"}
2025-05-31 15:53:21 - RESPONSE: {"success":true,"message_id":"137","formatted_date":"15:53","profile_pic":"uploads\/profiles\/6835827785e2f.png"}
2025-05-31 15:57:43 - {"POST":{"message":"hi","owner_id":"5","student_id":"1","user_type":"student"},"GET":[],"SESSION":{"user_id":1,"user_name":"AMIN MOHAMED AMASHA","user_email":"aminmohamedaboamasha@gmail.com","user_type":"student"},"REQUEST_METHOD":"POST"}
2025-05-31 15:57:43 - INSERT ATTEMPT: {"owner_id":5,"student_id":1,"sender_type":"student","message":"hi","action":"insert_attempt"}
2025-05-31 15:57:43 - FINAL VALUES: {"final_owner_id":5,"final_student_id":1,"final_user_type":"student","final_message":"hi"}
2025-05-31 15:57:43 - DIRECT QUERY: INSERT INTO messages (owner_id, student_id, sender_type, message_text, message_date, is_read) 
                                VALUES (5, 1, 'student', 'hi', NOW(), FALSE)
2025-05-31 15:57:43 - DIRECT QUERY SUCCESS: 138
2025-05-31 15:57:43 - INSERT SUCCESS: {"message_id":"138","action":"insert_success"}
2025-05-31 15:57:43 - RESPONSE: {"success":true,"message_id":"138","formatted_date":"15:57","profile_pic":"uploads\/profiles\/6835827785e2f.png"}
2025-05-31 15:57:50 - {"POST":{"message":"sisi","owner_id":"5","student_id":"1","user_type":"student"},"GET":[],"SESSION":{"user_id":1,"user_name":"AMIN MOHAMED AMASHA","user_email":"aminmohamedaboamasha@gmail.com","user_type":"student"},"REQUEST_METHOD":"POST"}
2025-05-31 15:57:50 - INSERT ATTEMPT: {"owner_id":5,"student_id":1,"sender_type":"student","message":"sisi","action":"insert_attempt"}
2025-05-31 15:57:50 - FINAL VALUES: {"final_owner_id":5,"final_student_id":1,"final_user_type":"student","final_message":"sisi"}
2025-05-31 15:57:50 - DIRECT QUERY: INSERT INTO messages (owner_id, student_id, sender_type, message_text, message_date, is_read) 
                                VALUES (5, 1, 'student', 'sisi', NOW(), FALSE)
2025-05-31 15:57:50 - DIRECT QUERY SUCCESS: 139
2025-05-31 15:57:50 - INSERT SUCCESS: {"message_id":"139","action":"insert_success"}
2025-05-31 15:57:50 - RESPONSE: {"success":true,"message_id":"139","formatted_date":"15:57","profile_pic":"uploads\/profiles\/6835827785e2f.png"}
2025-05-31 15:57:54 - {"POST":{"message":"sjjs","owner_id":"5","student_id":"1","user_type":"owner"},"GET":[],"SESSION":{"user_id":5,"user_name":"hichame","user_email":"popo@gmail.com","user_type":"owner"},"REQUEST_METHOD":"POST"}
2025-05-31 15:57:54 - INSERT ATTEMPT: {"owner_id":5,"student_id":1,"sender_type":"owner","message":"sjjs","action":"insert_attempt"}
2025-05-31 15:57:54 - FINAL VALUES: {"final_owner_id":5,"final_student_id":1,"final_user_type":"owner","final_message":"sjjs"}
2025-05-31 15:57:54 - DIRECT QUERY: INSERT INTO messages (owner_id, student_id, sender_type, message_text, message_date, is_read) 
                                VALUES (5, 1, 'owner', 'sjjs', NOW(), FALSE)
2025-05-31 15:57:54 - DIRECT QUERY SUCCESS: 140
2025-05-31 15:57:54 - INSERT SUCCESS: {"message_id":"140","action":"insert_success"}
2025-05-31 15:57:54 - RESPONSE: {"success":true,"message_id":"140","formatted_date":"15:57","profile_pic":"uploads\/profiles\/6836169d0672d.png"}
2025-05-31 16:00:52 - {"POST":{"message":"j","owner_id":"5","student_id":"1","user_type":"student"},"GET":[],"SESSION":{"user_id":1,"user_name":"AMIN MOHAMED AMASHA","user_email":"aminmohamedaboamasha@gmail.com","user_type":"student"},"REQUEST_METHOD":"POST"}
2025-05-31 16:00:52 - INSERT ATTEMPT: {"owner_id":5,"student_id":1,"sender_type":"student","message":"j","action":"insert_attempt"}
2025-05-31 16:00:52 - FINAL VALUES: {"final_owner_id":5,"final_student_id":1,"final_user_type":"student","final_message":"j"}
2025-05-31 16:00:52 - DIRECT QUERY: INSERT INTO messages (owner_id, student_id, sender_type, message_text, message_date, is_read) 
                                VALUES (5, 1, 'student', 'j', NOW(), FALSE)
2025-05-31 16:00:53 - DIRECT QUERY SUCCESS: 141
2025-05-31 16:00:53 - INSERT SUCCESS: {"message_id":"141","action":"insert_success"}
2025-05-31 16:00:53 - RESPONSE: {"success":true,"message_id":"141","formatted_date":"16:00","profile_pic":"uploads\/profiles\/6835827785e2f.png"}
2025-05-31 16:00:57 - {"POST":{"message":"j","owner_id":"5","student_id":"1","user_type":"owner"},"GET":[],"SESSION":{"user_id":5,"user_name":"hichame","user_email":"popo@gmail.com","user_type":"owner"},"REQUEST_METHOD":"POST"}
2025-05-31 16:00:57 - INSERT ATTEMPT: {"owner_id":5,"student_id":1,"sender_type":"owner","message":"j","action":"insert_attempt"}
2025-05-31 16:00:57 - FINAL VALUES: {"final_owner_id":5,"final_student_id":1,"final_user_type":"owner","final_message":"j"}
2025-05-31 16:00:57 - DIRECT QUERY: INSERT INTO messages (owner_id, student_id, sender_type, message_text, message_date, is_read) 
                                VALUES (5, 1, 'owner', 'j', NOW(), FALSE)
2025-05-31 16:00:57 - DIRECT QUERY SUCCESS: 142
2025-05-31 16:00:57 - INSERT SUCCESS: {"message_id":"142","action":"insert_success"}
2025-05-31 16:00:58 - RESPONSE: {"success":true,"message_id":"142","formatted_date":"16:00","profile_pic":"uploads\/profiles\/6836169d0672d.png"}
